0 info it worked if it ends with ok
1 verbose cli [ 'D:\\Program Files\\nodejs\\node.exe',
1 verbose cli   'C:\\Users\\tianya\\AppData\\Roaming\\npm\\node_modules\\cnpm\\node_modules\\npm\\bin\\npm-cli.js',
1 verbose cli   '--userconfig=C:\\Users\\tianya\\.cnpmrc',
1 verbose cli   '--disturl=https://npm.taobao.org/mirrors/node',
1 verbose cli   '--registry=https://registry.npm.taobao.org',
1 verbose cli   'start' ]
2 info using npm@3.10.10
3 info using node@v4.4.0
4 verbose run-script [ 'prestart', 'start', 'poststart' ]
5 info lifecycle nodejs-demo@0.0.0~prestart: nodejs-demo@0.0.0
6 silly lifecycle nodejs-demo@0.0.0~prestart: no script for prestart, continuing
7 info lifecycle nodejs-demo@0.0.0~start: nodejs-demo@0.0.0
8 verbose lifecycle nodejs-demo@0.0.0~start: unsafe-perm in lifecycle true
9 verbose lifecycle nodejs-demo@0.0.0~start: PATH: C:\Users\tianya\AppData\Roaming\npm\node_modules\cnpm\node_modules\npm\bin\node-gyp-bin;E:\mine\vue_project\END.git\nodejs-demo\node_modules\.bin;C:\Users\tianya\bin;C:\Program Files (x86)\Git\mingw32\bin;C:\Program Files (x86)\Git\usr\local\bin;C:\Program Files (x86)\Git\usr\bin;C:\Program Files (x86)\Git\usr\bin;C:\Program Files (x86)\Git\mingw32\bin;C:\Program Files (x86)\Git\usr\bin;C:\Users\tianya\bin;C:\Program Files (x86)\NVIDIA Corporation\PhysX\Common;C:\Program Files (x86)\Intel\iCLS Client;C:\Program Files\Intel\iCLS Client;C:\Program Files\Broadcom\Broadcom 802.11 Network Adapter\Driver;C:\Windows\system32;C:\Windows;C:\Windows\System32\Wbem;C:\Windows\System32\WindowsPowerShell\v1.0;C:\Program Files\Intel\Intel(R) Management Engine Components\DAL;C:\Program Files\Intel\Intel(R) Management Engine Components\IPT;C:\Program Files (x86)\Intel\Intel(R) Management Engine Components\DAL;C:\Program Files (x86)\Intel\Intel(R) Management Engine Components\IPT;C:\Program Files (x86)\Intel\OpenCL SDK\2.0\bin\x86;C:\Program Files (x86)\Intel\OpenCL SDK\2.0\bin\x64;D:\mysql\5.5.28\bin;D:\maven\apache-maven-3.2.2\bin;D:\Program Files\Java\jdk1.7.0_80\bin;D:\service\zookeeper-3.5.0-alpha\bin;D:\TortoiseSVN\bin;D:\Program Files\nodejs;D:\Program Files\Android\android-sdk\platform-tools;D:\Program Files\Android\android-sdk\tools;C:\Windows\system32\config\systemprofile\.dnx\bin;C:\Program Files\Microsoft DNX\Dnvm;C:\Program Files\Microsoft SQL Server\130\Tools\Binn;C:\Program Files (x86)\Git\cmd;C:\ProgramData\chocolatey\bin;C:\Users\tianya\AppData\Roaming\npm;D:\MongoDB\bin;C:\Program Files (x86)\Git\usr\bin\vendor_perl;C:\Program Files (x86)\Git\usr\bin\core_perl
10 verbose lifecycle nodejs-demo@0.0.0~start: CWD: E:\mine\vue_project\END.git\nodejs-demo
11 silly lifecycle nodejs-demo@0.0.0~start: Args: [ '/d /s /c', 'supervisor --debug ./bin/www' ]
12 silly lifecycle nodejs-demo@0.0.0~start: Returned: code: 1  signal: null
13 info lifecycle nodejs-demo@0.0.0~start: Failed to exec start script
14 verbose stack Error: nodejs-demo@0.0.0 start: `supervisor --debug ./bin/www`
14 verbose stack Exit status 1
14 verbose stack     at EventEmitter.<anonymous> (C:\Users\tianya\AppData\Roaming\npm\node_modules\cnpm\node_modules\npm\lib\utils\lifecycle.js:255:16)
14 verbose stack     at emitTwo (events.js:87:13)
14 verbose stack     at EventEmitter.emit (events.js:172:7)
14 verbose stack     at ChildProcess.<anonymous> (C:\Users\tianya\AppData\Roaming\npm\node_modules\cnpm\node_modules\npm\lib\utils\spawn.js:40:14)
14 verbose stack     at emitTwo (events.js:87:13)
14 verbose stack     at ChildProcess.emit (events.js:172:7)
14 verbose stack     at maybeClose (internal/child_process.js:827:16)
14 verbose stack     at Process.ChildProcess._handle.onexit (internal/child_process.js:211:5)
15 verbose pkgid nodejs-demo@0.0.0
16 verbose cwd E:\mine\vue_project\END.git\nodejs-demo
17 error Windows_NT 6.1.7601
18 error argv "D:\\Program Files\\nodejs\\node.exe" "C:\\Users\\tianya\\AppData\\Roaming\\npm\\node_modules\\cnpm\\node_modules\\npm\\bin\\npm-cli.js" "--userconfig=C:\\Users\\tianya\\.cnpmrc" "--disturl=https://npm.taobao.org/mirrors/node" "--registry=https://registry.npm.taobao.org" "start"
19 error node v4.4.0
20 error npm  v3.10.10
21 error code ELIFECYCLE
22 error nodejs-demo@0.0.0 start: `supervisor --debug ./bin/www`
22 error Exit status 1
23 error Failed at the nodejs-demo@0.0.0 start script 'supervisor --debug ./bin/www'.
23 error Make sure you have the latest version of node.js and npm installed.
23 error If you do, this is most likely a problem with the nodejs-demo package,
23 error not with npm itself.
23 error Tell the author that this fails on your system:
23 error     supervisor --debug ./bin/www
23 error You can get information on how to open an issue for this project with:
23 error     npm bugs nodejs-demo
23 error Or if that isn't available, you can get their info via:
23 error     npm owner ls nodejs-demo
23 error There is likely additional logging output above.
24 verbose exit [ 1, true ]
